#
# There is insufficient memory for the Java Runtime Environment to continue.
# Native memory allocation (malloc) failed to allocate 1048576 bytes for AllocateHeap
# Possible reasons:
#   The system is out of physical RAM or swap space
#   The process is running with CompressedOops enabled, and the Java Heap may be blocking the growth of the native heap
# Possible solutions:
#   Reduce memory load on the system
#   Increase physical memory or swap space
#   Check if swap backing store is full
#   Decrease Java heap size (-Xmx/-Xms)
#   Decrease number of Java threads
#   Decrease Java thread stack sizes (-Xss)
#   Set larger code cache with -XX:ReservedCodeCacheSize=
#   JVM is running with Unscaled Compressed Oops mode in which the Java heap is
#     placed in the first 4GB address space. The Java Heap base address is the
#     maximum limit for the native heap growth. Please use -XX:HeapBaseMinAddress
#     to set the Java Heap base and to place the Java Heap above 4GB virtual address.
# This output file may be truncated or incomplete.
#
#  Out of Memory Error (memory/allocation.inline.hpp:61), pid=5416, tid=0x0000000000004460
#
# JRE version:  (8.0_221-b11) (build )
# Java VM: Java HotSpot(TM) 64-Bit Server VM (25.221-b11 mixed mode windows-amd64 compressed oops)
# Failed to write core dump. Minidumps are not enabled by default on client versions of Windows
#

---------------  T H R E A D  ---------------

Current thread (0x0000000003363800):  JavaThread "Unknown thread" [_thread_in_vm, id=17504, stack(0x00000000031d0000,0x00000000032d0000)]

Stack: [0x00000000031d0000,0x00000000032d0000]
[error occurred during error reporting (printing stack bounds), id 0xc0000005]

Native frames: (J=compiled Java code, j=interpreted, Vv=VM code, C=native code)


---------------  P R O C E S S  ---------------

Java Threads: ( => current thread )

Other Threads:

=>0x0000000003363800 (exited) JavaThread "Unknown thread" [_thread_in_vm, id=17504, stack(0x00000000031d0000,0x00000000032d0000)]

VM state:not at safepoint (normal execution)

VM Mutex/Monitor currently owned by a thread: None

heap address: 0x000000008ac00000, size: 1876 MB, Compressed Oops mode: 32-bit
Narrow klass base: 0x0000000000000000, Narrow klass shift: 3
Compressed class space size: 1073741824 Address: 0x0000000100000000

Heap:
 PSYoungGen      total 35328K, used 614K [0x00000000d8f00000, 0x00000000db600000, 0x0000000100000000)
  eden space 30720K, 2% used [0x00000000d8f00000,0x00000000d8f999a8,0x00000000dad00000)
  from space 4608K, 0% used [0x00000000db180000,0x00000000db180000,0x00000000db600000)
  to   space 4608K, 0% used [0x00000000dad00000,0x00000000dad00000,0x00000000db180000)
 ParOldGen       total 80896K, used 0K [0x000000008ac00000, 0x000000008fb00000, 0x00000000d8f00000)
  object space 80896K, 0% used [0x000000008ac00000,0x000000008ac00000,0x000000008fb00000)
 Metaspace       used 776K, capacity 4480K, committed 4480K, reserved 1056768K
  class space    used 76K, capacity 384K, committed 384K, reserved 1048576K

Card table byte_map: [0x00000000128b0000,0x0000000012c60000] byte_map_base: 0x000000001245a000

Marking Bits: (ParMarkBitMap*) 0x000000006aa45ce0
 Begin Bits: [0x00000000138e0000, 0x0000000015630000)
 End Bits:   [0x0000000015630000, 0x0000000017380000)

Polling page: 0x00000000018b0000

CodeCache: size=245760Kb used=327Kb max_used=327Kb free=245432Kb
 bounds [0x00000000034f0000, 0x0000000003760000, 0x00000000124f0000]
 total_blobs=57 nmethods=0 adapters=38
 compilation: enabled

Compilation events (0 events):
No events

GC Heap History (0 events):
No events

Deoptimization events (0 events):
No events

Classes redefined (0 events):
No events

Internal exceptions (0 events):
No events

Events (10 events):
Event: 0.308 loading class java/lang/Short
Event: 0.308 loading class java/lang/Short done
Event: 0.308 loading class java/lang/Integer
Event: 0.308 loading class java/lang/Integer done
Event: 0.308 loading class java/lang/Long
Event: 0.309 loading class java/lang/Long done
Event: 0.310 loading class java/lang/NullPointerException
Event: 0.310 loading class java/lang/NullPointerException done
Event: 0.310 loading class java/lang/ArithmeticException
Event: 0.310 loading class java/lang/ArithmeticException done


Dynamic libraries:
0x00007ff7af0d0000 - 0x00007ff7af107000 	C:\Program Files\Java\jdk1.8.0_221\bin\java.exe
0x00007ff9d1420000 - 0x00007ff9d1683000 	C:\WINDOWS\SYSTEM32\ntdll.dll
0x00007ff9d02f0000 - 0x00007ff9d03b7000 	C:\WINDOWS\System32\KERNEL32.DLL
0x00007ff9ced50000 - 0x00007ff9cf117000 	C:\WINDOWS\System32\KERNELBASE.dll
0x00007ff9d0f90000 - 0x00007ff9d1044000 	C:\WINDOWS\System32\ADVAPI32.dll
0x00007ff9d0230000 - 0x00007ff9d02d9000 	C:\WINDOWS\System32\msvcrt.dll
0x00007ff9d0a50000 - 0x00007ff9d0af6000 	C:\WINDOWS\System32\sechost.dll
0x00007ff9cf260000 - 0x00007ff9cf376000 	C:\WINDOWS\System32\RPCRT4.dll
0x00007ff9d10e0000 - 0x00007ff9d12a9000 	C:\WINDOWS\System32\USER32.dll
0x00007ff9ce7c0000 - 0x00007ff9ce7e7000 	C:\WINDOWS\System32\win32u.dll
0x00007ff9d0bf0000 - 0x00007ff9d0c1a000 	C:\WINDOWS\System32\GDI32.dll
0x00007ff9ce970000 - 0x00007ff9cea9b000 	C:\WINDOWS\System32\gdi32full.dll
0x00007ff9cf120000 - 0x00007ff9cf1c3000 	C:\WINDOWS\System32\msvcp_win.dll
0x00007ff9ceb40000 - 0x00007ff9cec8c000 	C:\WINDOWS\System32\ucrtbase.dll
0x00007ff9b2df0000 - 0x00007ff9b3080000 	C:\WINDOWS\WinSxS\amd64_microsoft.windows.common-controls_6595b64144ccf1df_6.0.26100.3037_none_3e09262ce333c378\COMCTL32.dll
0x00007ff9d0170000 - 0x00007ff9d019f000 	C:\WINDOWS\System32\IMM32.DLL
0x000000006ad30000 - 0x000000006ae02000 	C:\Program Files\Java\jdk1.8.0_221\jre\bin\msvcr100.dll
0x000000006a220000 - 0x000000006aac5000 	C:\Program Files\Java\jdk1.8.0_221\jre\bin\server\jvm.dll
0x00007ff9d0b00000 - 0x00007ff9d0b08000 	C:\WINDOWS\System32\PSAPI.DLL
0x00007ff9aee60000 - 0x00007ff9aee6a000 	C:\WINDOWS\SYSTEM32\WSOCK32.dll
0x00007ff9d1360000 - 0x00007ff9d13d4000 	C:\WINDOWS\System32\WS2_32.dll
0x00007ff9c7c70000 - 0x00007ff9c7ca6000 	C:\WINDOWS\SYSTEM32\WINMM.dll
0x00007ff9c82d0000 - 0x00007ff9c82db000 	C:\WINDOWS\SYSTEM32\VERSION.dll
0x00007ff9b54c0000 - 0x00007ff9b54cf000 	C:\Program Files\Java\jdk1.8.0_221\jre\bin\verify.dll
0x00007ff9899d0000 - 0x00007ff9899f9000 	C:\Program Files\Java\jdk1.8.0_221\jre\bin\java.dll
0x00007ff9899b0000 - 0x00007ff9899c6000 	C:\Program Files\Java\jdk1.8.0_221\jre\bin\zip.dll

VM Arguments:
java_command: <unknown>
java_class_path (initial): .
Launcher Type: SUN_STANDARD

Environment Variables:
USERNAME=Admin
OS=Windows_NT
PROCESSOR_IDENTIFIER=AMD64 Family 23 Model 104 Stepping 1, AuthenticAMD



---------------  S Y S T E M  ---------------

OS: Windows 10.0 , 64 bit Build 26100 (10.0.26100.3037)

CPU:total 12 (initial active 12) (12 cores per cpu, 1 threads per core) family 23 model 104 stepping 1, cmov, cx8, fxsr, mmx, sse, sse2, sse3, ssse3, sse4.1, sse4.2, popcnt, avx, avx2, aes, clmul, mmxext, 3dnowpref, lzcnt, sse4a, tsc, tscinvbit, tscinv, bmi1

Memory: 4k page, physical 7681732k(366300k free), swap 25843784k(2624k free)

vm_info: Java HotSpot(TM) 64-Bit Server VM (25.221-b11) for windows-amd64 JRE (1.8.0_221-b11), built on Jul  4 2019 04:39:29 by "java_re" with MS VC++ 10.0 (VS2010)

time: Mon Mar 03 10:17:28 2025
timezone: India Standard Time
elapsed time: 0 seconds (0d 0h 0m 0s)

